000 (1481850.000.000) 01/30 02:05:26 Job submitted from host: <144.92.142.172:9620?sock=8554_0571_3>
    DAG Node: jan18pdfs.14301.pdf.task+jan18pdfs.14301.pdf.task
...
001 (1481850.000.000) 01/30 02:05:48 Job executing on host: <144.92.142.173:9620?sock=4578_b33d_3>
...
006 (1481850.000.000) 01/30 02:05:57 Image size of job updated: 425848
	11  -  MemoryUsage of job (MB)
	10572  -  ResidentSetSize of job (KB)
...
006 (1481850.000.000) 01/30 02:10:58 Image size of job updated: 577184
	181  -  MemoryUsage of job (MB)
	184564  -  ResidentSetSize of job (KB)
...
006 (1481850.000.000) 01/30 02:15:58 Image size of job updated: 5125248
	2003  -  MemoryUsage of job (MB)
	2050664  -  ResidentSetSize of job (KB)
...
005 (1481850.000.000) 01/30 02:17:45 Job terminated.
	(1) Normal termination (return value 0)
		Usr 0 00:13:26, Sys 0 00:00:21  -  Run Remote Usage
		Usr 0 00:00:00, Sys 0 00:00:00  -  Run Local Usage
		Usr 0 00:13:26, Sys 0 00:00:21  -  Total Remote Usage
		Usr 0 00:00:00, Sys 0 00:00:00  -  Total Local Usage
	2719763  -  Run Bytes Sent By Job
	629170  -  Run Bytes Received By Job
	2719763  -  Total Bytes Sent By Job
	629170  -  Total Bytes Received By Job
	Partitionable Resources :    Usage  Request Allocated
	   Cpus                 :                 1         4
	   Disk (KB)            :  1356800  2000000  27963164
	   Memory (MB)          :     2003     2000     16126
...
